Flow report for dsf_Mult4to1
Mon Jan 15 19:56:26 2024
Quartus II 64-Bit Version 13.0.1 Build 232 06/12/2013 Service Pack 1 SJ Web Edition


---------------------
; Table of Contents ;
---------------------
  1. Legal Notice
  2. Flow Summary
  3. Flow Settings
  4. Flow Non-Default Global Settings
  5. Flow Elapsed Time
  6. Flow OS Summary
  7. Flow Log
  8. Flow Messages
  9. Flow Suppressed Messages



----------------
; Legal Notice ;
----------------
Copyright (C) 1991-2013 Altera Corporation
Your use of Altera Corporation's design tools, logic functions 
and other software and tools, and its AMPP partner logic 
functions, and any output files from any of the foregoing 
(including device programming or simulation files), and any 
associated documentation or information are expressly subject 
to the terms and conditions of the Altera Program License 
Subscription Agreement, Altera MegaCore Function License 
Agreement, or other applicable license agreement, including, 
without limitation, that your use is for the sole purpose of 
programming logic devices manufactured by Altera and sold by 
Altera or its authorized distributors.  Please refer to the 
applicable agreement for further details.



+--------------------------------------------------------------------------------------+
; Flow Summary                                                                         ;
+------------------------------------+-------------------------------------------------+
; Flow Status                        ; Successful - Mon Jan 15 19:56:26 2024           ;
; Quartus II 64-Bit Version          ; 13.0.1 Build 232 06/12/2013 SP 1 SJ Web Edition ;
; Revision Name                      ; dsf_Mult4to1                                    ;
; Top-level Entity Name              ; dsf_Mult4to1                                    ;
; Family                             ; Cyclone IV GX                                   ;
; Total logic elements               ; 2 / 14,400 ( < 1 % )                            ;
;     Total combinational functions  ; 2 / 14,400 ( < 1 % )                            ;
;     Dedicated logic registers      ; 0 / 14,400 ( 0 % )                              ;
; Total registers                    ; 0                                               ;
; Total pins                         ; 7 / 81 ( 9 % )                                  ;
; Total virtual pins                 ; 0                                               ;
; Total memory bits                  ; 0 / 552,960 ( 0 % )                             ;
; Embedded Multiplier 9-bit elements ; 0                                               ;
; Total GXB Receiver Channel PCS     ; 0 / 2 ( 0 % )                                   ;
; Total GXB Receiver Channel PMA     ; 0 / 2 ( 0 % )                                   ;
; Total GXB Transmitter Channel PCS  ; 0 / 2 ( 0 % )                                   ;
; Total GXB Transmitter Channel PMA  ; 0 / 2 ( 0 % )                                   ;
; Total PLLs                         ; 0 / 3 ( 0 % )                                   ;
; Device                             ; EP4CGX15BF14C6                                  ;
; Timing Models                      ; Final                                           ;
+------------------------------------+-------------------------------------------------+


+-----------------------------------------+
; Flow Settings                           ;
+-------------------+---------------------+
; Option            ; Setting             ;
+-------------------+---------------------+
; Start date & time ; 01/15/2024 19:43:35 ;
; Main task         ; Compilation         ;
; Revision Name     ; dsf_Mult4to1        ;
+-------------------+---------------------+


+------------------------------------------------------------------------------------------------------------------+
; Flow Non-Default Global Settings                                                                                 ;
+-------------------------------------+---------------------------------+---------------+-------------+------------+
; Assignment Name                     ; Value                           ; Default Value ; Entity Name ; Section Id ;
+-------------------------------------+---------------------------------+---------------+-------------+------------+
; COMPILER_SIGNATURE_ID               ; 154691465027436.170535861508064 ; --            ; --          ; --         ;
; PARTITION_COLOR                     ; 16764057                        ; --            ; --          ; Top        ;
; PARTITION_FITTER_PRESERVATION_LEVEL ; PLACEMENT_AND_ROUTING           ; --            ; --          ; Top        ;
; PARTITION_NETLIST_TYPE              ; SOURCE                          ; --            ; --          ; Top        ;
; PROJECT_OUTPUT_DIRECTORY            ; output_files                    ; --            ; --          ; --         ;
+-------------------------------------+---------------------------------+---------------+-------------+------------+


+-------------------------------------------------------------------------------------------------------------------------------+
; Flow Elapsed Time                                                                                                             ;
+---------------------------+--------------+-------------------------+---------------------+------------------------------------+
; Module Name               ; Elapsed Time ; Average Processors Used ; Peak Virtual Memory ; Total CPU Time (on all processors) ;
+---------------------------+--------------+-------------------------+---------------------+------------------------------------+
; Analysis & Synthesis      ; 00:00:01     ; 1.0                     ; 4636 MB             ; 00:00:01                           ;
; Fitter                    ; 00:00:03     ; 1.0                     ; 4974 MB             ; 00:00:03                           ;
; Assembler                 ; 00:00:01     ; 1.0                     ; 4604 MB             ; 00:00:01                           ;
; TimeQuest Timing Analyzer ; 00:00:01     ; 1.0                     ; 4608 MB             ; 00:00:01                           ;
; EDA Netlist Writer        ; 00:00:01     ; 1.0                     ; 4569 MB             ; 00:00:00                           ;
; EDA Netlist Writer        ; 00:00:00     ; 1.0                     ; 4569 MB             ; 00:00:00                           ;
; EDA Netlist Writer        ; 00:00:01     ; 1.0                     ; 4569 MB             ; 00:00:00                           ;
; EDA Netlist Writer        ; 00:00:00     ; 1.0                     ; 4569 MB             ; 00:00:00                           ;
; EDA Netlist Writer        ; 00:00:01     ; 1.0                     ; 4569 MB             ; 00:00:00                           ;
; EDA Netlist Writer        ; 00:00:00     ; 1.0                     ; 4569 MB             ; 00:00:00                           ;
; EDA Netlist Writer        ; 00:00:00     ; 1.0                     ; 4569 MB             ; 00:00:00                           ;
; EDA Netlist Writer        ; 00:00:01     ; 1.0                     ; 4569 MB             ; 00:00:00                           ;
; EDA Netlist Writer        ; 00:00:01     ; 1.0                     ; 4569 MB             ; 00:00:00                           ;
; EDA Netlist Writer        ; 00:00:00     ; 1.0                     ; 4569 MB             ; 00:00:00                           ;
; EDA Netlist Writer        ; 00:00:00     ; 1.0                     ; 4569 MB             ; 00:00:00                           ;
; EDA Netlist Writer        ; 00:00:01     ; 1.0                     ; 4569 MB             ; 00:00:00                           ;
; EDA Netlist Writer        ; 00:00:00     ; 1.0                     ; 4569 MB             ; 00:00:00                           ;
; EDA Netlist Writer        ; 00:00:01     ; 1.0                     ; 4569 MB             ; 00:00:00                           ;
; EDA Netlist Writer        ; 00:00:01     ; 1.0                     ; 4569 MB             ; 00:00:00                           ;
; EDA Netlist Writer        ; 00:00:00     ; 1.0                     ; 4569 MB             ; 00:00:00                           ;
; Total                     ; 00:00:14     ; --                      ; --                  ; 00:00:06                           ;
+---------------------------+--------------+-------------------------+---------------------+------------------------------------+


+----------------------------------------------------------------------------------------+
; Flow OS Summary                                                                        ;
+---------------------------+------------------+-----------+------------+----------------+
; Module Name               ; Machine Hostname ; OS Name   ; OS Version ; Processor type ;
+---------------------------+------------------+-----------+------------+----------------+
; Analysis & Synthesis      ; JOAO             ; Windows 7 ; 6.2        ; x86_64         ;
; Fitter                    ; JOAO             ; Windows 7 ; 6.2        ; x86_64         ;
; Assembler                 ; JOAO             ; Windows 7 ; 6.2        ; x86_64         ;
; TimeQuest Timing Analyzer ; JOAO             ; Windows 7 ; 6.2        ; x86_64         ;
; EDA Netlist Writer        ; JOAO             ; Windows 7 ; 6.2        ; x86_64         ;
; EDA Netlist Writer        ; JOAO             ; Windows 7 ; 6.2        ; x86_64         ;
; EDA Netlist Writer        ; JOAO             ; Windows 7 ; 6.2        ; x86_64         ;
; EDA Netlist Writer        ; JOAO             ; Windows 7 ; 6.2        ; x86_64         ;
; EDA Netlist Writer        ; JOAO             ; Windows 7 ; 6.2        ; x86_64         ;
; EDA Netlist Writer        ; JOAO             ; Windows 7 ; 6.2        ; x86_64         ;
; EDA Netlist Writer        ; JOAO             ; Windows 7 ; 6.2        ; x86_64         ;
; EDA Netlist Writer        ; JOAO             ; Windows 7 ; 6.2        ; x86_64         ;
; EDA Netlist Writer        ; JOAO             ; Windows 7 ; 6.2        ; x86_64         ;
; EDA Netlist Writer        ; JOAO             ; Windows 7 ; 6.2        ; x86_64         ;
; EDA Netlist Writer        ; JOAO             ; Windows 7 ; 6.2        ; x86_64         ;
; EDA Netlist Writer        ; JOAO             ; Windows 7 ; 6.2        ; x86_64         ;
; EDA Netlist Writer        ; JOAO             ; Windows 7 ; 6.2        ; x86_64         ;
; EDA Netlist Writer        ; JOAO             ; Windows 7 ; 6.2        ; x86_64         ;
; EDA Netlist Writer        ; JOAO             ; Windows 7 ; 6.2        ; x86_64         ;
; EDA Netlist Writer        ; JOAO             ; Windows 7 ; 6.2        ; x86_64         ;
+---------------------------+------------------+-----------+------------+----------------+


------------
; Flow Log ;
------------
quartus_map --read_settings_files=on --write_settings_files=off dsf_Mult4to1 -c dsf_Mult4to1
quartus_fit --read_settings_files=off --write_settings_files=off dsf_Mult4to1 -c dsf_Mult4to1
quartus_asm --read_settings_files=off --write_settings_files=off dsf_Mult4to1 -c dsf_Mult4to1
quartus_sta dsf_Mult4to1 -c dsf_Mult4to1
quartus_eda --gen_testbench --check_outputs=on --tool=modelsim_oem --format=verilog dsf_Mult4to1 -c dsf_Mult4to1 --vector_source=C:/altera/ASD/dsf_Mult4to1/Waveform.vwf --testbench_file=./simulation/qsim/dsf_Mult4to1.vt
quartus_eda --functional=on --simulation=on --tool=modelsim_oem --format=verilog dsf_Mult4to1 -c dsf_Mult4to1
quartus_eda --gen_testbench --check_outputs=on --tool=modelsim_oem --format=verilog dsf_Mult4to1 -c dsf_Mult4to1 --vector_source=C:/altera/ASD/dsf_Mult4to1/Waveform.vwf --testbench_file=./simulation/qsim/dsf_Mult4to1.vt
quartus_eda --functional=on --simulation=on --tool=modelsim_oem --format=verilog dsf_Mult4to1 -c dsf_Mult4to1
quartus_eda --gen_testbench --check_outputs=on --tool=modelsim_oem --format=verilog dsf_Mult4to1 -c dsf_Mult4to1 --vector_source=C:/altera/ASD/dsf_Mult4to1/Waveform.vwf --testbench_file=./simulation/qsim/dsf_Mult4to1.vt
quartus_eda --functional=on --simulation=on --tool=modelsim_oem --format=verilog dsf_Mult4to1 -c dsf_Mult4to1
quartus_eda --gen_testbench --check_outputs=on --tool=modelsim_oem --format=verilog dsf_Mult4to1 -c dsf_Mult4to1 --vector_source=C:/altera/ASD/dsf_Mult4to1/Waveform.vwf --testbench_file=./simulation/qsim/dsf_Mult4to1.vt
quartus_eda --functional=on --simulation=on --tool=modelsim_oem --format=verilog dsf_Mult4to1 -c dsf_Mult4to1
quartus_eda --gen_testbench --check_outputs=on --tool=modelsim_oem --format=verilog dsf_Mult4to1 -c dsf_Mult4to1 --vector_source=C:/altera/ASD/dsf_Mult4to1/Waveform.vwf --testbench_file=./simulation/qsim/dsf_Mult4to1.vt
quartus_eda --functional=on --simulation=on --tool=modelsim_oem --format=verilog dsf_Mult4to1 -c dsf_Mult4to1
quartus_eda --gen_testbench --check_outputs=on --tool=modelsim_oem --format=verilog dsf_Mult4to1 -c dsf_Mult4to1 --vector_source=C:/altera/ASD/dsf_Mult4to1/Waveform.vwf --testbench_file=./simulation/qsim/dsf_Mult4to1.vt
quartus_eda --functional=on --simulation=on --tool=modelsim_oem --format=verilog dsf_Mult4to1 -c dsf_Mult4to1
quartus_eda --gen_testbench --check_outputs=on --tool=modelsim_oem --format=verilog dsf_Mult4to1 -c dsf_Mult4to1 --vector_source=C:/altera/ASD/dsf_Mult4to1/Waveform.vwf --testbench_file=./simulation/qsim/dsf_Mult4to1.vt
quartus_eda --functional=on --simulation=on --tool=modelsim_oem --format=verilog dsf_Mult4to1 -c dsf_Mult4to1
quartus_eda --gen_testbench --check_outputs=on --tool=modelsim_oem --format=verilog dsf_Mult4to1 -c dsf_Mult4to1 --vector_source=C:/altera/ASD/dsf_Mult4to1/Waveform.vwf --testbench_file=./simulation/qsim/dsf_Mult4to1.vt
quartus_eda --functional=on --simulation=on --tool=modelsim_oem --format=verilog dsf_Mult4to1 -c dsf_Mult4to1



